[0.274s] Invoking command in '/home/vladi/Desktop/ros2_commands/qt_ros_ws/build/vision': CMAKE_PREFIX_PATH=/opt/ros/humble /usr/bin/cmake /home/vladi/Desktop/ros2_commands/qt_ros_ws/src/vision -DCMAKE_INSTALL_PREFIX=/home/vladi/Desktop/ros2_commands/qt_ros_ws/install/vision
[1.162s] -- The C compiler identification is GNU 11.4.0
[1.673s] -- The CXX compiler identification is GNU 11.4.0
[1.710s] -- Detecting C compiler ABI info
[2.113s] -- Detecting C compiler ABI info - done
[2.150s] -- Check for working C compiler: /usr/bin/cc - skipped
[2.169s] -- Detecting C compile features
[2.172s] -- Detecting C compile features - done
[2.187s] -- Detecting CXX compiler ABI info
[2.654s] -- Detecting CXX compiler ABI info - done
[2.696s] -- Check for working CXX compiler: /usr/bin/c++ - skipped
[2.697s] -- Detecting CXX compile features
[2.700s] -- Detecting CXX compile features - done
[2.738s] -- Found ament_cmake: 1.3.5 (/opt/ros/humble/share/ament_cmake/cmake)
[3.552s] -- Found Python3: /usr/bin/python3.10 (found version "3.10.12") found components: Interpreter 
[4.041s] -- Found rclcpp: 16.0.6 (/opt/ros/humble/share/rclcpp/cmake)
[4.247s] -- Found rosidl_generator_c: 3.1.5 (/opt/ros/humble/share/rosidl_generator_c/cmake)
[4.271s] -- Found rosidl_adapter: 3.1.5 (/opt/ros/humble/share/rosidl_adapter/cmake)
[4.314s] -- Found rosidl_generator_cpp: 3.1.5 (/opt/ros/humble/share/rosidl_generator_cpp/cmake)
[4.386s] -- Using all available rosidl_typesupport_c: rosidl_typesupport_fastrtps_c;rosidl_typesupport_introspection_c
[4.489s] -- Using all available rosidl_typesupport_cpp: rosidl_typesupport_fastrtps_cpp;rosidl_typesupport_introspection_cpp
[4.837s] -- Found rmw_implementation_cmake: 6.1.1 (/opt/ros/humble/share/rmw_implementation_cmake/cmake)
[4.848s] -- Found rmw_fastrtps_cpp: 6.2.4 (/opt/ros/humble/share/rmw_fastrtps_cpp/cmake)
[5.378s] -- Found OpenSSL: /usr/lib/x86_64-linux-gnu/libcrypto.so (found version "3.0.2")  
[5.506s] -- Found FastRTPS: /opt/ros/humble/include  
[5.728s] -- Using RMW implementation 'rmw_fastrtps_cpp' as default
[5.773s] -- Looking for pthread.h
[6.093s] -- Looking for pthread.h - found
[6.096s] -- Performing Test CMAKE_HAVE_LIBC_PTHREAD
[6.439s] -- Performing Test CMAKE_HAVE_LIBC_PTHREAD - Success
[6.444s] -- Found Threads: TRUE  
[7.314s] -- Found sensor_msgs: 4.2.3 (/opt/ros/humble/share/sensor_msgs/cmake)
[7.967s] -- Found cv_bridge: 3.2.1 (/opt/ros/humble/share/cv_bridge/cmake)
[8.059s] -- Found image_transport: 3.1.7 (/opt/ros/humble/share/image_transport/cmake)
[8.296s] -- Found OpenCV: /usr (found version "4.5.4") 
[8.307s] -- Found ament_lint_auto: 0.12.8 (/opt/ros/humble/share/ament_lint_auto/cmake)
[8.675s] -- Added test 'cppcheck' to perform static code analysis on C / C++ code
[8.676s] -- Configured cppcheck include dirs: 
[8.676s] -- Configured cppcheck exclude dirs and/or files: 
[8.679s] -- Added test 'lint_cmake' to check CMake code style
[8.684s] -- Added test 'uncrustify' to check C / C++ code style
[8.685s] -- Configured uncrustify additional arguments: 
[8.686s] -- Added test 'xmllint' to check XML markup files
[8.693s] -- Configuring done
[8.741s] -- Generating done
[8.749s] -- Build files have been written to: /home/vladi/Desktop/ros2_commands/qt_ros_ws/build/vision
[8.796s] Invoked command in '/home/vladi/Desktop/ros2_commands/qt_ros_ws/build/vision' returned '0': CMAKE_PREFIX_PATH=/opt/ros/humble /usr/bin/cmake /home/vladi/Desktop/ros2_commands/qt_ros_ws/src/vision -DCMAKE_INSTALL_PREFIX=/home/vladi/Desktop/ros2_commands/qt_ros_ws/install/vision
[8.808s] Invoking command in '/home/vladi/Desktop/ros2_commands/qt_ros_ws/build/vision': CMAKE_PREFIX_PATH=/opt/ros/humble /usr/bin/cmake --build /home/vladi/Desktop/ros2_commands/qt_ros_ws/build/vision -- -j8 -l8
[9.036s] [ 50%] [32mBuilding CXX object CMakeFiles/vision_capture_node.dir/src/vision_capture_node.cpp.o[0m
[9.125s] [100%] [32m[1mLinking CXX executable vision_capture_node[0m
[9.488s] /usr/bin/ld: /usr/lib/gcc/x86_64-linux-gnu/11/../../../x86_64-linux-gnu/Scrt1.o: in function `_start':
[9.489s] (.text+0x1b): undefined reference to `main'
[9.499s] collect2: error: ld returned 1 exit status
[9.504s] gmake[2]: *** [CMakeFiles/vision_capture_node.dir/build.make:181: vision_capture_node] Error 1
[9.505s] gmake[1]: *** [CMakeFiles/Makefile2:137: CMakeFiles/vision_capture_node.dir/all] Error 2
[9.507s] gmake: *** [Makefile:146: all] Error 2
[9.517s] Invoked command in '/home/vladi/Desktop/ros2_commands/qt_ros_ws/build/vision' returned '2': CMAKE_PREFIX_PATH=/opt/ros/humble /usr/bin/cmake --build /home/vladi/Desktop/ros2_commands/qt_ros_ws/build/vision -- -j8 -l8
