[35m[1mConsolidate compiler generated dependencies of target msg_to_pcl2[0m
[ 50%] [32mBuilding CXX object CMakeFiles/msg_to_pcl2.dir/src/msg_to_pcl2.cpp.o[0m
In file included from [01m[K/opt/ros/humble/include/rclcpp/rclcpp/logging.hpp:24[m[K,
                 from [01m[K/opt/ros/humble/include/rclcpp/rclcpp/client.hpp:40[m[K,
                 from [01m[K/opt/ros/humble/include/rclcpp/rclcpp/callback_group.hpp:24[m[K,
                 from [01m[K/opt/ros/humble/include/rclcpp/rclcpp/any_executable.hpp:20[m[K,
                 from [01m[K/opt/ros/humble/include/rclcpp/rclcpp/memory_strategy.hpp:25[m[K,
                 from [01m[K/opt/ros/humble/include/rclcpp/rclcpp/memory_strategies.hpp:18[m[K,
                 from [01m[K/opt/ros/humble/include/rclcpp/rclcpp/executor_options.hpp:20[m[K,
                 from [01m[K/opt/ros/humble/include/rclcpp/rclcpp/executor.hpp:37[m[K,
                 from [01m[K/opt/ros/humble/include/rclcpp/rclcpp/executors/multi_threaded_executor.hpp:25[m[K,
                 from [01m[K/opt/ros/humble/include/rclcpp/rclcpp/executors.hpp:21[m[K,
                 from [01m[K/opt/ros/humble/include/rclcpp/rclcpp/rclcpp.hpp:155[m[K,
                 from [01m[K/home/vladi/Desktop/ros2_commands/qt_ros_ws/src/neptune_2_bringup/src/msg_to_pcl2.cpp:1[m[K:
[01m[K/home/vladi/Desktop/ros2_commands/qt_ros_ws/src/neptune_2_bringup/src/msg_to_pcl2.cpp:[m[K In member function â€˜[01m[Kvoid MSGToPCL2::on_receive(sensor_msgs::msg::PointCloud2_<std::allocator<void> >::SharedPtr)[m[Kâ€™:
[01m[K/home/vladi/Desktop/ros2_commands/qt_ros_ws/src/neptune_2_bringup/src/msg_to_pcl2.cpp:77:64:[m[K [01;31m[Kerror: [m[Kâ€˜[01m[Ktpoint_tmp[m[Kâ€™ was not declared in this scope; did you mean â€˜[01m[Kpoint_tmp[m[Kâ€™?
   77 |    RCLCPP_INFO(this->get_logger(), "x transformed_d: %f", [01;31m[Ktpoint_tmp[m[K.x);
      |                                                           [01;31m[K^~~~~~~~~~[m[K

[01m[K/home/vladi/Desktop/ros2_commands/qt_ros_ws/src/neptune_2_bringup/src/msg_to_pcl2.cpp:78:65:[m[K [01;31m[Kerror: [m[Kâ€˜[01m[Ktpoint_tmp[m[Kâ€™ was not declared in this scope; did you mean â€˜[01m[Kpoint_tmp[m[Kâ€™?
   78 |   RCLCPP_INFO(this->get_logger(), "y: transformed_d: %f", [01;31m[Ktpoint_tmp[m[K.y);
      |                                                           [01;31m[K^~~~~~~~~~[m[K

[01m[K/home/vladi/Desktop/ros2_commands/qt_ros_ws/src/neptune_2_bringup/src/msg_to_pcl2.cpp:79:65:[m[K [01;31m[Kerror: [m[Kâ€˜[01m[Ktpoint_tmp[m[Kâ€™ was not declared in this scope; did you mean â€˜[01m[Kpoint_tmp[m[Kâ€™?
   79 |   RCLCPP_INFO(this->get_logger(), "z: transformed_d: %f", [01;31m[Ktpoint_tmp[m[K.z);
      |                                                           [01;31m[K^~~~~~~~~~[m[K

gmake[2]: *** [CMakeFiles/msg_to_pcl2.dir/build.make:76: CMakeFiles/msg_to_pcl2.dir/src/msg_to_pcl2.cpp.o] Error 1
gmake[1]: *** [CMakeFiles/Makefile2:137: CMakeFiles/msg_to_pcl2.dir/all] Error 2
gmake: *** [Makefile:146: all] Error 2
