<?xml version="1.0" encoding="UTF-8"?>
<Site BuildName="(empty)"
	BuildStamp="20241018-0740-Experimental"
	Name="vladi"
	Generator="ctest-3.22.1"
	CompilerName="/usr/bin/g++"
	CompilerVersion="11.4.0"
	OSName="Linux"
	Hostname="vladi"
	OSRelease="6.8.0-47-generic"
	OSVersion="#47~22.04.1-Ubuntu SMP PREEMPT_DYNAMIC Wed Oct  2 16:16:55 UTC 2"
	OSPlatform="x86_64"
	Is64Bits="1"
	VendorString="GenuineIntel"
	VendorID="Intel Corporation"
	FamilyID="6"
	ModelID="60"
	ProcessorCacheSize="6144"
	NumberOfLogicalCPU="8"
	NumberOfPhysicalCPU="4"
	TotalVirtualMemory="2047"
	TotalPhysicalMemory="15898"
	LogicalProcessorsPerPhysical="2"
	ProcessorClockFrequency="1297.44"
	>
	<Testing>
		<StartDateTime>Oct 18 10:40 EEST</StartDateTime>
		<StartTestTime>1729237213</StartTestTime>
		<TestList/>
		<EndDateTime>Oct 18 10:40 EEST</EndDateTime>
		<EndTestTime>1729237213</EndTestTime>
		<ElapsedMinutes>0</ElapsedMinutes>
	</Testing>
</Site>
