<?xml version="1.0" encoding="UTF-8"?>
<Site BuildName="(empty)"
	BuildStamp="20241010-0826-Experimental"
	Name="vladi"
	Generator="ctest-3.22.1"
	CompilerName="/usr/bin/g++"
	CompilerVersion="11.4.0"
	OSName="Linux"
	Hostname="vladi"
	OSRelease="6.8.0-45-generic"
	OSVersion="#45~22.04.1-Ubuntu SMP PREEMPT_DYNAMIC Wed Sep 11 15:25:05 UTC 2"
	OSPlatform="x86_64"
	Is64Bits="1"
	VendorString="GenuineIntel"
	VendorID="Intel Corporation"
	FamilyID="6"
	ModelID="60"
	ProcessorCacheSize="6144"
	NumberOfLogicalCPU="8"
	NumberOfPhysicalCPU="4"
	TotalVirtualMemory="2047"
	TotalPhysicalMemory="15898"
	LogicalProcessorsPerPhysical="2"
	ProcessorClockFrequency="897.909"
	>
	<Testing>
		<StartDateTime>Oct 10 11:26 EEST</StartDateTime>
		<StartTestTime>1728548762</StartTestTime>
		<TestList/>
		<EndDateTime>Oct 10 11:26 EEST</EndDateTime>
		<EndTestTime>1728548762</EndTestTime>
		<ElapsedMinutes>0</ElapsedMinutes>
	</Testing>
</Site>
