[35m[1mConsolidate compiler generated dependencies of target cam_cap[0m
[ 50%] Built target cam_cap
[35m[1mConsolidate compiler generated dependencies of target msg_to_pcl2[0m
[ 75%] [32mBuilding CXX object CMakeFiles/msg_to_pcl2.dir/src/msg_to_pcl2.cpp.o[0m
[01m[K/home/vladi/Desktop/ros2_commands/qt_ros_ws/src/neptune_2_bringup/src/msg_to_pcl2.cpp:[m[K In member function â€˜[01m[Kvoid MSGToPCL2::on_receive(sensor_msgs::msg::PointCloud2_<std::allocator<void> >::SharedPtr)[m[Kâ€™:
[01m[K/home/vladi/Desktop/ros2_commands/qt_ros_ws/src/neptune_2_bringup/src/msg_to_pcl2.cpp:123:27:[m[K [01;35m[Kwarning: [m[Kcomparison of integer expressions of different signedness: â€˜[01m[Kint[m[Kâ€™ and â€˜[01m[Ksize_t[m[Kâ€™ {aka â€˜[01m[Klong unsigned int[m[Kâ€™} [[01;35m[K]8;;https://gcc.gnu.org/onlinedocs/gcc/Warning-Options.html#index-Wsign-compare-Wsign-compare]8;;[m[K]
  123 |         for (int i = 0; [01;35m[Ki < num_rays[m[K; ++i)
      |                         [01;35m[K~~^~~~~~~~~~[m[K
[01m[K/home/vladi/Desktop/ros2_commands/qt_ros_ws/src/neptune_2_bringup/src/msg_to_pcl2.cpp:163:79:[m[K [01;31m[Kerror: [m[Kno match for â€˜[01m[Koperator*[m[Kâ€™ (operand types are â€˜[01m[Kdouble[m[Kâ€™ and â€˜[01m[Kstd::vector<double, std::allocator<double> >[m[Kâ€™)
  163 | 1 = (base*(uv_rect_tmp.x-cam_model.cx()))/([32m[Kcam_model.fx()[m[K [01;31m[K*[m[K[34m[K cotan_alpha_[m[Kx-(uv_rect_tmp.x-cam_model.cx()));
      |                                            [32m[K~~~~~~~~~~~~~~[m[K [01;31m[K^[m[K[34m[K~~~~~~~~~~~~~[m[K
      |                                                        [32m[K|[m[K   [34m[K|[m[K
      |                                                        [32m[K|[m[K   [34m[Kstd::vector<double, std::allocator<double> >[m[K
      |                                                        [32m[Kdouble[m[K

In file included from [01m[K/usr/include/eigen3/Eigen/Core:50[m[K,
                 from [01m[K/usr/include/pcl-1.12/pcl/memory.h:48[m[K,
                 from [01m[K/home/vladi/Desktop/ros2_commands/qt_ros_ws/src/neptune_2_bringup/src/msg_to_pcl2.cpp:9[m[K:
[01m[K/usr/include/c++/11/complex:392:5:[m[K [01;36m[Knote: [m[Kcandidate: â€˜[01m[Ktemplate<class _Tp> std::complex<_Tp> std::operator*(const std::complex<_Tp>&, const std::complex<_Tp>&)[m[Kâ€™
  392 |     [01;36m[Koperator[m[K*(const complex<_Tp>& __x, const complex<_Tp>& __y)
      |     [01;36m[K^~~~~~~~[m[K
[01m[K/usr/include/c++/11/complex:392:5:[m[K [01;36m[Knote: [m[K  template argument deduction/substitution failed:
[01m[K/home/vladi/Desktop/ros2_commands/qt_ros_ws/src/neptune_2_bringup/src/msg_to_pcl2.cpp:163:80:[m[K [01;36m[Knote: [m[K  mismatched types â€˜[01m[Kconst std::complex<_Tp>[m[Kâ€™ and â€˜[01m[Kdouble[m[Kâ€™
  163 |  = (base*(uv_rect_tmp.x-cam_model.cx()))/(cam_model.fx() *[01;36m[K cotan_alpha_[m[Kx-(uv_rect_tmp.x-cam_model.cx()));
      |                                                           [01;36m[K^~~~~~~~~~~~~[m[K

In file included from [01m[K/usr/include/eigen3/Eigen/Core:50[m[K,
                 from [01m[K/usr/include/pcl-1.12/pcl/memory.h:48[m[K,
                 from [01m[K/home/vladi/Desktop/ros2_commands/qt_ros_ws/src/neptune_2_bringup/src/msg_to_pcl2.cpp:9[m[K:
[01m[K/usr/include/c++/11/complex:401:5:[m[K [01;36m[Knote: [m[Kcandidate: â€˜[01m[Ktemplate<class _Tp> std::complex<_Tp> std::operator*(const std::complex<_Tp>&, const _Tp&)[m[Kâ€™
  401 |     [01;36m[Koperator[m[K*(const complex<_Tp>& __x, const _Tp& __y)
      |     [01;36m[K^~~~~~~~[m[K
[01m[K/usr/include/c++/11/complex:401:5:[m[K [01;36m[Knote: [m[K  template argument deduction/substitution failed:
[01m[K/home/vladi/Desktop/ros2_commands/qt_ros_ws/src/neptune_2_bringup/src/msg_to_pcl2.cpp:163:80:[m[K [01;36m[Knote: [m[K  mismatched types â€˜[01m[Kconst std::complex<_Tp>[m[Kâ€™ and â€˜[01m[Kdouble[m[Kâ€™
  163 |  = (base*(uv_rect_tmp.x-cam_model.cx()))/(cam_model.fx() *[01;36m[K cotan_alpha_[m[Kx-(uv_rect_tmp.x-cam_model.cx()));
      |                                                           [01;36m[K^~~~~~~~~~~~~[m[K

In file included from [01m[K/usr/include/eigen3/Eigen/Core:50[m[K,
                 from [01m[K/usr/include/pcl-1.12/pcl/memory.h:48[m[K,
                 from [01m[K/home/vladi/Desktop/ros2_commands/qt_ros_ws/src/neptune_2_bringup/src/msg_to_pcl2.cpp:9[m[K:
[01m[K/usr/include/c++/11/complex:410:5:[m[K [01;36m[Knote: [m[Kcandidate: â€˜[01m[Ktemplate<class _Tp> std::complex<_Tp> std::operator*(const _Tp&, const std::complex<_Tp>&)[m[Kâ€™
  410 |     [01;36m[Koperator[m[K*(const _Tp& __x, const complex<_Tp>& __y)
      |     [01;36m[K^~~~~~~~[m[K
[01m[K/usr/include/c++/11/complex:410:5:[m[K [01;36m[Knote: [m[K  template argument deduction/substitution failed:
[01m[K/home/vladi/Desktop/ros2_commands/qt_ros_ws/src/neptune_2_bringup/src/msg_to_pcl2.cpp:163:80:[m[K [01;36m[Knote: [m[K  â€˜[01m[Kstd::vector<double, std::allocator<double> >[m[Kâ€™ is not derived from â€˜[01m[Kconst std::complex<_Tp>[m[Kâ€™
  163 |  = (base*(uv_rect_tmp.x-cam_model.cx()))/(cam_model.fx() *[01;36m[K cotan_alpha_[m[Kx-(uv_rect_tmp.x-cam_model.cx()));
      |                                                           [01;36m[K^~~~~~~~~~~~~[m[K

[01m[K/home/vladi/Desktop/ros2_commands/qt_ros_ws/src/neptune_2_bringup/src/msg_to_pcl2.cpp:166:62:[m[K [01;31m[Kerror: [m[Kno match for â€˜[01m[Koperator*[m[Kâ€™ (operand types are â€˜[01m[Kdouble[m[Kâ€™ and â€˜[01m[Kstd::vector<double, std::allocator<double> >[m[Kâ€™)
  166 |          float z_1 = (base*cam_model.fx())/([32m[Kcam_model.fx()[m[K[01;31m[K*[m[K[34m[Kcotan_alpha_x[m[K-(uv_rect_tmp.x-cam_model.cx()));
      |                                             [32m[K~~~~~~~~~~~~~~[m[K[01;31m[K^[m[K[34m[K~~~~~~~~~~~~~[m[K
      |                                                         [32m[K|[m[K  [34m[K|[m[K
      |                                                         [32m[K|[m[K  [34m[Kstd::vector<double, std::allocator<double> >[m[K
      |                                                         [32m[Kdouble[m[K

In file included from [01m[K/usr/include/eigen3/Eigen/Core:50[m[K,
                 from [01m[K/usr/include/pcl-1.12/pcl/memory.h:48[m[K,
                 from [01m[K/home/vladi/Desktop/ros2_commands/qt_ros_ws/src/neptune_2_bringup/src/msg_to_pcl2.cpp:9[m[K:
[01m[K/usr/include/c++/11/complex:392:5:[m[K [01;36m[Knote: [m[Kcandidate: â€˜[01m[Ktemplate<class _Tp> std::complex<_Tp> std::operator*(const std::complex<_Tp>&, const std::complex<_Tp>&)[m[Kâ€™
  392 |     [01;36m[Koperator[m[K*(const complex<_Tp>& __x, const complex<_Tp>& __y)
      |     [01;36m[K^~~~~~~~[m[K
[01m[K/usr/include/c++/11/complex:392:5:[m[K [01;36m[Knote: [m[K  template argument deduction/substitution failed:
[01m[K/home/vladi/Desktop/ros2_commands/qt_ros_ws/src/neptune_2_bringup/src/msg_to_pcl2.cpp:166:63:[m[K [01;36m[Knote: [m[K  mismatched types â€˜[01m[Kconst std::complex<_Tp>[m[Kâ€™ and â€˜[01m[Kdouble[m[Kâ€™
  166 |         float z_1 = (base*cam_model.fx())/(cam_model.fx()*[01;36m[Kcotan_alpha_x[m[K-(uv_rect_tmp.x-cam_model.cx()));
      |                                                           [01;36m[K^~~~~~~~~~~~~[m[K

In file included from [01m[K/usr/include/eigen3/Eigen/Core:50[m[K,
                 from [01m[K/usr/include/pcl-1.12/pcl/memory.h:48[m[K,
                 from [01m[K/home/vladi/Desktop/ros2_commands/qt_ros_ws/src/neptune_2_bringup/src/msg_to_pcl2.cpp:9[m[K:
[01m[K/usr/include/c++/11/complex:401:5:[m[K [01;36m[Knote: [m[Kcandidate: â€˜[01m[Ktemplate<class _Tp> std::complex<_Tp> std::operator*(const std::complex<_Tp>&, const _Tp&)[m[Kâ€™
  401 |     [01;36m[Koperator[m[K*(const complex<_Tp>& __x, const _Tp& __y)
      |     [01;36m[K^~~~~~~~[m[K
[01m[K/usr/include/c++/11/complex:401:5:[m[K [01;36m[Knote: [m[K  template argument deduction/substitution failed:
[01m[K/home/vladi/Desktop/ros2_commands/qt_ros_ws/src/neptune_2_bringup/src/msg_to_pcl2.cpp:166:63:[m[K [01;36m[Knote: [m[K  mismatched types â€˜[01m[Kconst std::complex<_Tp>[m[Kâ€™ and â€˜[01m[Kdouble[m[Kâ€™
  166 |         float z_1 = (base*cam_model.fx())/(cam_model.fx()*[01;36m[Kcotan_alpha_x[m[K-(uv_rect_tmp.x-cam_model.cx()));
      |                                                           [01;36m[K^~~~~~~~~~~~~[m[K

In file included from [01m[K/usr/include/eigen3/Eigen/Core:50[m[K,
                 from [01m[K/usr/include/pcl-1.12/pcl/memory.h:48[m[K,
                 from [01m[K/home/vladi/Desktop/ros2_commands/qt_ros_ws/src/neptune_2_bringup/src/msg_to_pcl2.cpp:9[m[K:
[01m[K/usr/include/c++/11/complex:410:5:[m[K [01;36m[Knote: [m[Kcandidate: â€˜[01m[Ktemplate<class _Tp> std::complex<_Tp> std::operator*(const _Tp&, const std::complex<_Tp>&)[m[Kâ€™
  410 |     [01;36m[Koperator[m[K*(const _Tp& __x, const complex<_Tp>& __y)
      |     [01;36m[K^~~~~~~~[m[K
[01m[K/usr/include/c++/11/complex:410:5:[m[K [01;36m[Knote: [m[K  template argument deduction/substitution failed:
[01m[K/home/vladi/Desktop/ros2_commands/qt_ros_ws/src/neptune_2_bringup/src/msg_to_pcl2.cpp:166:63:[m[K [01;36m[Knote: [m[K  â€˜[01m[Kstd::vector<double, std::allocator<double> >[m[Kâ€™ is not derived from â€˜[01m[Kconst std::complex<_Tp>[m[Kâ€™
  166 |         float z_1 = (base*cam_model.fx())/(cam_model.fx()*[01;36m[Kcotan_alpha_x[m[K-(uv_rect_tmp.x-cam_model.cx()));
      |                                                           [01;36m[K^~~~~~~~~~~~~[m[K

[01m[K/home/vladi/Desktop/ros2_commands/qt_ros_ws/src/neptune_2_bringup/src/msg_to_pcl2.cpp:163:19:[m[K [01;35m[Kwarning: [m[Kunused variable â€˜[01m[Kx_1[m[Kâ€™ [[01;35m[K]8;;https://gcc.gnu.org/onlinedocs/gcc/Warning-Options.html#index-Wunused-variable-Wunused-variable]8;;[m[K]
  163 |             float [01;35m[Kx_1[m[K = (base*(uv_rect_tmp.x-cam_model.cx()))/(cam_model.fx() * cotan_alpha_x-(uv_rect_tmp.x-cam_model.cx()));
      |                   [01;35m[K^~~[m[K
[01m[K/home/vladi/Desktop/ros2_commands/qt_ros_ws/src/neptune_2_bringup/src/msg_to_pcl2.cpp:165:19:[m[K [01;35m[Kwarning: [m[Kunused variable â€˜[01m[Ky_1[m[Kâ€™ [[01;35m[K]8;;https://gcc.gnu.org/onlinedocs/gcc/Warning-Options.html#index-Wunused-variable-Wunused-variable]8;;[m[K]
  165 |             float [01;35m[Ky_1[m[K = (base*(uv_rect_tmp.y-cam_model.cy()))/(cam_model.fy()*cotan_alpha_y[i]-(uv_rect_tmp.x-cam_model.cx()));
      |                   [01;35m[K^~~[m[K
[01m[K/home/vladi/Desktop/ros2_commands/qt_ros_ws/src/neptune_2_bringup/src/msg_to_pcl2.cpp:166:19:[m[K [01;35m[Kwarning: [m[Kunused variable â€˜[01m[Kz_1[m[Kâ€™ [[01;35m[K]8;;https://gcc.gnu.org/onlinedocs/gcc/Warning-Options.html#index-Wunused-variable-Wunused-variable]8;;[m[K]
  166 |             float [01;35m[Kz_1[m[K = (base*cam_model.fx())/(cam_model.fx()*cotan_alpha_x-(uv_rect_tmp.x-cam_model.cx()));
      |                   [01;35m[K^~~[m[K
gmake[2]: *** [CMakeFiles/msg_to_pcl2.dir/build.make:76: CMakeFiles/msg_to_pcl2.dir/src/msg_to_pcl2.cpp.o] Error 1
gmake[1]: *** [CMakeFiles/Makefile2:139: CMakeFiles/msg_to_pcl2.dir/all] Error 2
gmake: *** [Makefile:146: all] Error 2
