[0mWARNING: Target "cam_process" requests linking to directory "/usr/include/opencv4".  Targets may link only to libraries.  CMake is dropping the item.[0m
In file included from [01m[K/opt/ros/humble/include/cv_bridge/cv_bridge/cv_bridge.h:46[m[K,
                 from [01m[K/home/vladi/Desktop/ros2_commands/qt_ros_ws/src/neptune_2_bringup/src/cam_process.cpp:6[m[K:
[01m[K/home/vladi/Desktop/ros2_commands/qt_ros_ws/src/neptune_2_bringup/src/cam_process.cpp:41:16:[m[K [01;31m[Kerror: [m[Kexpected unqualified-id before â€˜[01m[K__attribute__[m[Kâ€™
   41 |     cv_bridge::[01;31m[KCV_BRIDGE_EXPORT[m[K
      |                [01;31m[K^~~~~~~~~~~~~~~~[m[K
[01m[K/home/vladi/Desktop/ros2_commands/qt_ros_ws/src/neptune_2_bringup/src/cam_process.cpp:[m[K In constructor â€˜[01m[KCamProcess::CamProcess(std::string, std::string)[m[Kâ€™:
[01m[K/home/vladi/Desktop/ros2_commands/qt_ros_ws/src/neptune_2_bringup/src/cam_process.cpp:24:40:[m[K [01;31m[Kerror: [m[Kâ€˜[01m[Kset_camera_model[m[Kâ€™ is not a member of â€˜[01m[KCamProcess[m[Kâ€™
   24 |                 std::bind(&CamProcess::[01;31m[Kset_camera_model[m[K, this,_1)
      |                                        [01;31m[K^~~~~~~~~~~~~~~~[m[K
[01m[K/home/vladi/Desktop/ros2_commands/qt_ros_ws/src/neptune_2_bringup/src/cam_process.cpp:34:41:[m[K [01;31m[Kerror: [m[Kâ€˜[01m[Kreceive_sub_img[m[Kâ€™ is not a member of â€˜[01m[KCamProcess[m[Kâ€™
   34 |                  std::bind(&CamProcess::[01;31m[Kreceive_sub_img[m[K,
      |                                         [01;31m[K^~~~~~~~~~~~~~~[m[K
[01m[K/home/vladi/Desktop/ros2_commands/qt_ros_ws/src/neptune_2_bringup/src/cam_process.cpp:[m[K In function â€˜[01m[Kint main(int, char**)[m[Kâ€™:
[01m[K/home/vladi/Desktop/ros2_commands/qt_ros_ws/src/neptune_2_bringup/src/cam_process.cpp:65:34:[m[K [01;31m[Kerror: [m[Kâ€˜[01m[KCVSubscriber[m[Kâ€™ was not declared in this scope
   65 |     auto node = std::make_shared<[01;31m[KCVSubscriber[m[K>("cam_process",
      |                                  [01;31m[K^~~~~~~~~~~~[m[K
[01m[K/home/vladi/Desktop/ros2_commands/qt_ros_ws/src/neptune_2_bringup/src/cam_process.cpp:65:47:[m[K [01;31m[Kerror: [m[Kno matching function for call to â€˜[01m[Kmake_shared<<expression error> >(const char [12], const char [25])[m[Kâ€™
   65 |     auto node = [01;31m[Kstd::make_shared<CVSubscriber>("cam_process",[m[K
      |                 [01;31m[K~~~~~~~~~~~~~~~~~~~~~~~~~~~~~~^~~~~~~~~~~~~~~[m[K
   66 | [01;31m[K                                               "/camera_sensor/image_raw")[m[K;
      |                                                [01;31m[K~~~~~~~~~~~~~~~~~~~~~~~~~~~[m[K
In file included from [01m[K/usr/include/c++/11/memory:77[m[K,
                 from [01m[K/opt/ros/humble/include/rclcpp/rclcpp/rclcpp.hpp:153[m[K,
                 from [01m[K/home/vladi/Desktop/ros2_commands/qt_ros_ws/src/neptune_2_bringup/src/cam_process.cpp:1[m[K:
[01m[K/usr/include/c++/11/bits/shared_ptr.h:875:5:[m[K [01;36m[Knote: [m[Kcandidate: â€˜[01m[Ktemplate<class _Tp, class ... _Args> std::shared_ptr<_Tp> std::make_shared(_Args&& ...)[m[Kâ€™
  875 |     [01;36m[Kmake_shared[m[K(_Args&&... __args)
      |     [01;36m[K^~~~~~~~~~~[m[K
[01m[K/usr/include/c++/11/bits/shared_ptr.h:875:5:[m[K [01;36m[Knote: [m[K  template argument deduction/substitution failed:
[01m[K/home/vladi/Desktop/ros2_commands/qt_ros_ws/src/neptune_2_bringup/src/cam_process.cpp:65:47:[m[K [01;31m[Kerror: [m[Ktemplate argument 1 is invalid
   65 |     auto node = [01;31m[Kstd::make_shared<CVSubscriber>("cam_process",[m[K
      |                 [01;31m[K~~~~~~~~~~~~~~~~~~~~~~~~~~~~~~^~~~~~~~~~~~~~~[m[K
   66 | [01;31m[K                                               "/camera_sensor/image_raw")[m[K;
      |                                                [01;31m[K~~~~~~~~~~~~~~~~~~~~~~~~~~~[m[K
gmake[2]: *** [CMakeFiles/cam_process.dir/build.make:76: CMakeFiles/cam_process.dir/src/cam_process.cpp.o] Error 1
gmake[1]: *** [CMakeFiles/Makefile2:165: CMakeFiles/cam_process.dir/all] Error 2
gmake: *** [Makefile:146: all] Error 2
