[0.013s] Invoking command in '/home/vladi/Desktop/ros2_commands/qt_ros_ws/build/neptune_2_bringup': CMAKE_PREFIX_PATH=/home/vladi/Desktop/ros2_commands/qt_ros_ws/install/neptune_2_description:/home/vladi/Desktop/ros2_commands/qt_ros_ws/install/neptune_2_bringup:/opt/ros/humble /usr/bin/cmake --build /home/vladi/Desktop/ros2_commands/qt_ros_ws/build/neptune_2_bringup -- -j8 -l8
[0.050s] -- Found ament_cmake: 1.3.10 (/opt/ros/humble/share/ament_cmake/cmake)
[0.261s] -- Found rclcpp: 16.0.10 (/opt/ros/humble/share/rclcpp/cmake)
[0.316s] -- Found rosidl_generator_c: 3.1.5 (/opt/ros/humble/share/rosidl_generator_c/cmake)
[0.321s] -- Found rosidl_adapter: 3.1.5 (/opt/ros/humble/share/rosidl_adapter/cmake)
[0.332s] -- Found rosidl_generator_cpp: 3.1.5 (/opt/ros/humble/share/rosidl_generator_cpp/cmake)
[0.345s] -- Using all available rosidl_typesupport_c: rosidl_typesupport_fastrtps_c;rosidl_typesupport_introspection_c
[0.364s] -- Using all available rosidl_typesupport_cpp: rosidl_typesupport_fastrtps_cpp;rosidl_typesupport_introspection_cpp
[0.409s] -- Found rmw_implementation_cmake: 6.1.2 (/opt/ros/humble/share/rmw_implementation_cmake/cmake)
[0.411s] -- Found rmw_cyclonedds_cpp: 1.3.4 (/opt/ros/humble/share/rmw_cyclonedds_cpp/cmake)
[0.436s] -- Using RMW implementation 'rmw_cyclonedds_cpp' as default
[0.506s] -- Found sensor_msgs: 4.2.4 (/opt/ros/humble/share/sensor_msgs/cmake)
[0.547s] -- Found pcl_conversions: 2.4.5 (/opt/ros/humble/share/pcl_conversions/cmake)
[0.596s] -- Eigen found (include: /usr/include/eigen3, version: 3.4.0)
[0.645s] -- FLANN found (include: /usr/include, lib: /usr/lib/x86_64-linux-gnu/libflann_cpp.so)
[1.111s] -- OpenNI found (version: 1.5.4.0, include: /usr/include/ni, lib: /usr/lib/libOpenNI.so;libusb::libusb)
[1.120s] -- OpenNI2 found (version: 2.2.0.33, include: /usr/include/openni2, lib: /usr/lib/x86_64-linux-gnu/libOpenNI2.so;libusb::libusb)
[1.361s] -- Eigen found (include: /usr/include/eigen3, version: 3.4.0)
[1.372s] -- OpenNI found (version: 1.5.4.0, include: /usr/include/ni, lib: /usr/lib/libOpenNI.so;libusb::libusb)
[1.381s] -- OpenNI2 found (version: 2.2.0.33, include: /usr/include/openni2, lib: /usr/lib/x86_64-linux-gnu/libOpenNI2.so;libusb::libusb)
[1.605s] -- Found Qhull version 8.0.2
[1.829s] -- OpenNI found (version: 1.5.4.0, include: /usr/include/ni, lib: /usr/lib/libOpenNI.so;libusb::libusb)
[2.047s] -- Found image_geometry: 3.2.1 (/opt/ros/humble/share/image_geometry/cmake)
[2.057s] -- Found cv_bridge: 3.2.1 (/opt/ros/humble/share/cv_bridge/cmake)
[2.063s] -- Found image_transport: 3.1.9 (/opt/ros/humble/share/image_transport/cmake)
[2.218s] -- Configuring done
[2.278s] [0mWARNING: Target "cam_process" requests linking to directory "/usr/include/opencv4".  Targets may link only to libraries.  CMake is dropping the item.[0m
[2.325s] -- Generating done
[2.405s] -- Build files have been written to: /home/vladi/Desktop/ros2_commands/qt_ros_ws/build/neptune_2_bringup
[2.462s] [35m[1mConsolidate compiler generated dependencies of target msg_to_pcl2[0m
[2.476s] [ 25%] [32mBuilding CXX object CMakeFiles/cam_process.dir/src/cam_process.cpp.o[0m
[2.529s] [ 75%] Built target msg_to_pcl2
[7.251s] In file included from [01m[K/opt/ros/humble/include/cv_bridge/cv_bridge/cv_bridge.h:46[m[K,
[7.251s]                  from [01m[K/home/vladi/Desktop/ros2_commands/qt_ros_ws/src/neptune_2_bringup/src/cam_process.cpp:6[m[K:
[7.252s] [01m[K/home/vladi/Desktop/ros2_commands/qt_ros_ws/src/neptune_2_bringup/src/cam_process.cpp:41:16:[m[K [01;31m[Kerror: [m[Kexpected unqualified-id before â€˜[01m[K__attribute__[m[Kâ€™
[7.252s]    41 |     cv_bridge::[01;31m[KCV_BRIDGE_EXPORT[m[K
[7.252s]       |                [01;31m[K^~~~~~~~~~~~~~~~[m[K
[7.351s] [01m[K/home/vladi/Desktop/ros2_commands/qt_ros_ws/src/neptune_2_bringup/src/cam_process.cpp:[m[K In constructor â€˜[01m[KCamProcess::CamProcess(std::string, std::string)[m[Kâ€™:
[7.352s] [01m[K/home/vladi/Desktop/ros2_commands/qt_ros_ws/src/neptune_2_bringup/src/cam_process.cpp:24:40:[m[K [01;31m[Kerror: [m[Kâ€˜[01m[Kset_camera_model[m[Kâ€™ is not a member of â€˜[01m[KCamProcess[m[Kâ€™
[7.352s]    24 |                 std::bind(&CamProcess::[01;31m[Kset_camera_model[m[K, this,_1)
[7.352s]       |                                        [01;31m[K^~~~~~~~~~~~~~~~[m[K
[7.352s] [01m[K/home/vladi/Desktop/ros2_commands/qt_ros_ws/src/neptune_2_bringup/src/cam_process.cpp:34:41:[m[K [01;31m[Kerror: [m[Kâ€˜[01m[Kreceive_sub_img[m[Kâ€™ is not a member of â€˜[01m[KCamProcess[m[Kâ€™
[7.352s]    34 |                  std::bind(&CamProcess::[01;31m[Kreceive_sub_img[m[K,
[7.352s]       |                                         [01;31m[K^~~~~~~~~~~~~~~[m[K
[7.360s] [01m[K/home/vladi/Desktop/ros2_commands/qt_ros_ws/src/neptune_2_bringup/src/cam_process.cpp:[m[K In function â€˜[01m[Kint main(int, char**)[m[Kâ€™:
[7.360s] [01m[K/home/vladi/Desktop/ros2_commands/qt_ros_ws/src/neptune_2_bringup/src/cam_process.cpp:65:34:[m[K [01;31m[Kerror: [m[Kâ€˜[01m[KCVSubscriber[m[Kâ€™ was not declared in this scope
[7.360s]    65 |     auto node = std::make_shared<[01;31m[KCVSubscriber[m[K>("cam_process",
[7.360s]       |                                  [01;31m[K^~~~~~~~~~~~[m[K
[7.360s] [01m[K/home/vladi/Desktop/ros2_commands/qt_ros_ws/src/neptune_2_bringup/src/cam_process.cpp:65:47:[m[K [01;31m[Kerror: [m[Kno matching function for call to â€˜[01m[Kmake_shared<<expression error> >(const char [12], const char [25])[m[Kâ€™
[7.360s]    65 |     auto node = [01;31m[Kstd::make_shared<CVSubscriber>("cam_process",[m[K
[7.360s]       |                 [01;31m[K~~~~~~~~~~~~~~~~~~~~~~~~~~~~~~^~~~~~~~~~~~~~~[m[K
[7.360s]    66 | [01;31m[K                                               "/camera_sensor/image_raw")[m[K;
[7.360s]       |                                                [01;31m[K~~~~~~~~~~~~~~~~~~~~~~~~~~~[m[K
[7.360s] In file included from [01m[K/usr/include/c++/11/memory:77[m[K,
[7.360s]                  from [01m[K/opt/ros/humble/include/rclcpp/rclcpp/rclcpp.hpp:153[m[K,
[7.361s]                  from [01m[K/home/vladi/Desktop/ros2_commands/qt_ros_ws/src/neptune_2_bringup/src/cam_process.cpp:1[m[K:
[7.361s] [01m[K/usr/include/c++/11/bits/shared_ptr.h:875:5:[m[K [01;36m[Knote: [m[Kcandidate: â€˜[01m[Ktemplate<class _Tp, class ... _Args> std::shared_ptr<_Tp> std::make_shared(_Args&& ...)[m[Kâ€™
[7.361s]   875 |     [01;36m[Kmake_shared[m[K(_Args&&... __args)
[7.361s]       |     [01;36m[K^~~~~~~~~~~[m[K
[7.361s] [01m[K/usr/include/c++/11/bits/shared_ptr.h:875:5:[m[K [01;36m[Knote: [m[K  template argument deduction/substitution failed:
[7.361s] [01m[K/home/vladi/Desktop/ros2_commands/qt_ros_ws/src/neptune_2_bringup/src/cam_process.cpp:65:47:[m[K [01;31m[Kerror: [m[Ktemplate argument 1 is invalid
[7.361s]    65 |     auto node = [01;31m[Kstd::make_shared<CVSubscriber>("cam_process",[m[K
[7.361s]       |                 [01;31m[K~~~~~~~~~~~~~~~~~~~~~~~~~~~~~~^~~~~~~~~~~~~~~[m[K
[7.361s]    66 | [01;31m[K                                               "/camera_sensor/image_raw")[m[K;
[7.361s]       |                                                [01;31m[K~~~~~~~~~~~~~~~~~~~~~~~~~~~[m[K
[8.415s] gmake[2]: *** [CMakeFiles/cam_process.dir/build.make:76: CMakeFiles/cam_process.dir/src/cam_process.cpp.o] Error 1
[8.415s] gmake[1]: *** [CMakeFiles/Makefile2:165: CMakeFiles/cam_process.dir/all] Error 2
[8.415s] gmake: *** [Makefile:146: all] Error 2
[8.418s] Invoked command in '/home/vladi/Desktop/ros2_commands/qt_ros_ws/build/neptune_2_bringup' returned '2': CMAKE_PREFIX_PATH=/home/vladi/Desktop/ros2_commands/qt_ros_ws/install/neptune_2_description:/home/vladi/Desktop/ros2_commands/qt_ros_ws/install/neptune_2_bringup:/opt/ros/humble /usr/bin/cmake --build /home/vladi/Desktop/ros2_commands/qt_ros_ws/build/neptune_2_bringup -- -j8 -l8
