[0.303s] Invoking command in '/home/vladi/Desktop/ros2_commands/qt_ros_ws/build/vision': CMAKE_PREFIX_PATH=/opt/ros/humble /usr/bin/cmake /home/vladi/Desktop/ros2_commands/qt_ros_ws/src/vision -DAMENT_CMAKE_SYMLINK_INSTALL=1 -DCMAKE_INSTALL_PREFIX=/home/vladi/Desktop/ros2_commands/qt_ros_ws/install/vision
[0.465s] -- Found ament_cmake: 1.3.5 (/opt/ros/humble/share/ament_cmake/cmake)
[1.296s] -- Override CMake install command with custom implementation using symlinks instead of copying resources
[1.492s] -- Found rclcpp: 16.0.6 (/opt/ros/humble/share/rclcpp/cmake)
[1.833s] -- Found rosidl_generator_c: 3.1.5 (/opt/ros/humble/share/rosidl_generator_c/cmake)
[1.860s] -- Found rosidl_adapter: 3.1.5 (/opt/ros/humble/share/rosidl_adapter/cmake)
[1.923s] -- Found rosidl_generator_cpp: 3.1.5 (/opt/ros/humble/share/rosidl_generator_cpp/cmake)
[1.986s] -- Using all available rosidl_typesupport_c: rosidl_typesupport_fastrtps_c;rosidl_typesupport_introspection_c
[2.125s] -- Using all available rosidl_typesupport_cpp: rosidl_typesupport_fastrtps_cpp;rosidl_typesupport_introspection_cpp
[2.512s] -- Found rmw_implementation_cmake: 6.1.1 (/opt/ros/humble/share/rmw_implementation_cmake/cmake)
[2.529s] -- Found rmw_fastrtps_cpp: 6.2.4 (/opt/ros/humble/share/rmw_fastrtps_cpp/cmake)
[3.193s] -- Using RMW implementation 'rmw_fastrtps_cpp' as default
[4.089s] -- Found sensor_msgs: 4.2.3 (/opt/ros/humble/share/sensor_msgs/cmake)
[4.728s] -- Found cv_bridge: 3.2.1 (/opt/ros/humble/share/cv_bridge/cmake)
[4.814s] -- Found image_transport: 3.1.7 (/opt/ros/humble/share/image_transport/cmake)
[5.117s] -- Found ament_lint_auto: 0.12.8 (/opt/ros/humble/share/ament_lint_auto/cmake)
[5.610s] -- Added test 'cppcheck' to perform static code analysis on C / C++ code
[5.611s] -- Configured cppcheck include dirs: 
[5.611s] -- Configured cppcheck exclude dirs and/or files: 
[5.614s] -- Added test 'lint_cmake' to check CMake code style
[5.619s] -- Added test 'uncrustify' to check C / C++ code style
[5.620s] -- Configured uncrustify additional arguments: 
[5.622s] -- Added test 'xmllint' to check XML markup files
[5.695s] -- Configuring done
[5.841s] -- Generating done
[5.849s] -- Build files have been written to: /home/vladi/Desktop/ros2_commands/qt_ros_ws/build/vision
[5.885s] Invoked command in '/home/vladi/Desktop/ros2_commands/qt_ros_ws/build/vision' returned '0': CMAKE_PREFIX_PATH=/opt/ros/humble /usr/bin/cmake /home/vladi/Desktop/ros2_commands/qt_ros_ws/src/vision -DAMENT_CMAKE_SYMLINK_INSTALL=1 -DCMAKE_INSTALL_PREFIX=/home/vladi/Desktop/ros2_commands/qt_ros_ws/install/vision
[5.895s] Invoking command in '/home/vladi/Desktop/ros2_commands/qt_ros_ws/build/vision': CMAKE_PREFIX_PATH=/opt/ros/humble /usr/bin/cmake --build /home/vladi/Desktop/ros2_commands/qt_ros_ws/build/vision -- -j8 -l8
[6.098s] [35m[1mConsolidate compiler generated dependencies of target image_capture_node[0m
[6.119s] [ 25%] [32mBuilding CXX object CMakeFiles/image_capture_subscriber_node.dir/src/vision_capture_node.cpp.o[0m
[6.189s] [01m[K/home/vladi/Desktop/ros2_commands/qt_ros_ws/src/vision/src/vision_capture_node.cpp:1:10:[m[K [01;31m[Kfatal error: [m[Krclcpp/rclcpp.hpp: No such file or directory
[6.190s]     1 | #include [01;31m[K"rclcpp/rclcpp.hpp"[m[K
[6.191s]       |          [01;31m[K^~~~~~~~~~~~~~~~~~~[m[K
[6.191s] compilation terminated.
[6.194s] gmake[2]: *** [CMakeFiles/image_capture_subscriber_node.dir/build.make:76: CMakeFiles/image_capture_subscriber_node.dir/src/vision_capture_node.cpp.o] Error 1
[6.195s] gmake[1]: *** [CMakeFiles/Makefile2:165: CMakeFiles/image_capture_subscriber_node.dir/all] Error 2
[6.195s] gmake[1]: *** Waiting for unfinished jobs....
[6.225s] [ 50%] [32m[1mLinking CXX executable image_capture_node[0m
[9.003s] [ 75%] Built target image_capture_node
[9.007s] gmake: *** [Makefile:146: all] Error 2
[9.015s] Invoked command in '/home/vladi/Desktop/ros2_commands/qt_ros_ws/build/vision' returned '2': CMAKE_PREFIX_PATH=/opt/ros/humble /usr/bin/cmake --build /home/vladi/Desktop/ros2_commands/qt_ros_ws/build/vision -- -j8 -l8
