[0.146s] Invoking command in '/home/vladi/Desktop/ros2_commands/qt_ros_ws/build/neptune_2_bringup': /usr/bin/cmake /home/vladi/Desktop/ros2_commands/qt_ros_ws/src/neptune_2_bringup -DCMAKE_INSTALL_PREFIX=/home/vladi/Desktop/ros2_commands/qt_ros_ws/install/neptune_2_bringup
[0.160s] -- Found ament_cmake: 1.3.6 (/opt/ros/humble/share/ament_cmake/cmake)
[0.393s] Error parsing '/home/vladi/Desktop/ros2_commands/qt_ros_ws/src/neptune_2_bringup/package.xml':
[0.441s] Traceback (most recent call last):
[0.442s]   File "/usr/lib/python3/dist-packages/catkin_pkg/package.py", line 610, in parse_package_string
[0.442s]     root = dom.parseString(data)
[0.442s]   File "/usr/lib/python3.10/xml/dom/minidom.py", line 2000, in parseString
[0.442s]     return expatbuilder.parseString(string)
[0.442s]   File "/usr/lib/python3.10/xml/dom/expatbuilder.py", line 925, in parseString
[0.442s]     return builder.parseString(string)
[0.442s]   File "/usr/lib/python3.10/xml/dom/expatbuilder.py", line 223, in parseString
[0.442s]     parser.Parse(string, True)
[0.442s] xml.parsers.expat.ExpatError: mismatched tag: line 23, column 2
[0.442s] 
[0.442s] During handling of the above exception, another exception occurred:
[0.443s] 
[0.443s] Traceback (most recent call last):
[0.443s]   File "/opt/ros/humble/share/ament_cmake_core/cmake/core/package_xml_2_cmake.py", line 150, in <module>
[0.443s]     main()
[0.443s]   File "/opt/ros/humble/share/ament_cmake_core/cmake/core/package_xml_2_cmake.py", line 53, in main
[0.444s]     raise e
[0.444s]   File "/opt/ros/humble/share/ament_cmake_core/cmake/core/package_xml_2_cmake.py", line 49, in main
[0.444s]     package = parse_package_string(
[0.444s]   File "/usr/lib/python3/dist-packages/catkin_pkg/package.py", line 612, in parse_package_string
[0.444s]     raise InvalidPackage('The manifest contains invalid XML:\n%s' % ex, filename)
[0.444s] catkin_pkg.package.InvalidPackage: Error(s) in package '/home/vladi/Desktop/ros2_commands/qt_ros_ws/src/neptune_2_bringup/package.xml':
[0.444s] The manifest contains invalid XML:
[0.444s] mismatched tag: line 23, column 2
[0.463s] [31mCMake Error at /opt/ros/humble/share/ament_cmake_core/cmake/core/ament_package_xml.cmake:95 (message):
[0.464s]   execute_process(/usr/bin/python3.10
[0.464s]   /opt/ros/humble/share/ament_cmake_core/cmake/core/package_xml_2_cmake.py
[0.464s]   /home/vladi/Desktop/ros2_commands/qt_ros_ws/src/neptune_2_bringup/package.xml
[0.464s]   /home/vladi/Desktop/ros2_commands/qt_ros_ws/build/neptune_2_bringup/ament_cmake_core/package.cmake)
[0.464s]   returned error code 1
[0.464s] Call Stack (most recent call first):
[0.465s]   /opt/ros/humble/share/ament_cmake_core/cmake/core/ament_package_xml.cmake:49 (_ament_package_xml)
[0.465s]   /opt/ros/humble/share/ament_cmake_core/cmake/core/ament_package.cmake:63 (ament_package_xml)
[0.465s]   CMakeLists.txt:19 (ament_package)
[0.465s] 
[0.465s] [0m
[0.465s] -- Configuring incomplete, errors occurred!
[0.465s] See also "/home/vladi/Desktop/ros2_commands/qt_ros_ws/build/neptune_2_bringup/CMakeFiles/CMakeOutput.log".
[0.468s] Invoked command in '/home/vladi/Desktop/ros2_commands/qt_ros_ws/build/neptune_2_bringup' returned '1': /usr/bin/cmake /home/vladi/Desktop/ros2_commands/qt_ros_ws/src/neptune_2_bringup -DCMAKE_INSTALL_PREFIX=/home/vladi/Desktop/ros2_commands/qt_ros_ws/install/neptune_2_bringup
